2024-11-21 00:33:10+0300 [-] Loading buildbot.tac...
2024-11-21 00:33:36+0300 [-] Loaded.
2024-11-21 00:33:36+0300 [-] twistd 23.10.0 (C:\Users\Memek\AppData\Local\Programs\Python\Python312\python.exe 3.12.0) starting up.
2024-11-21 00:33:36+0300 [-] reactor class: twisted.internet.selectreactor.SelectReactor.
2024-11-21 00:33:36+0300 [-] Starting BuildMaster -- buildbot.version: 3.10.1
2024-11-21 00:33:36+0300 [-] Configuration Errors:
2024-11-21 00:33:36+0300 [-]   configuration file 'C:\pWork\Py-main\master\master.cfg' does not exist
2024-11-21 00:33:36+0300 [-] Halting master.
2024-11-21 00:33:36+0300 [-] BuildMaster startup failed
2024-11-21 00:33:36+0300 [-] BuildMaster is stopped
2024-11-21 00:33:36+0300 [-] Main loop terminated.
2024-11-21 00:33:36+0300 [-] Server Shut Down.
2024-11-21 00:33:36+0300 [-] Server Shut Down.
2024-11-21 00:46:06+0300 [-] Loading buildbot.tac...
2024-11-21 00:46:31+0300 [-] Loaded.
2024-11-21 00:46:31+0300 [-] twistd 23.10.0 (C:\Users\Memek\AppData\Local\Programs\Python\Python312\python.exe 3.12.0) starting up.
2024-11-21 00:46:31+0300 [-] reactor class: twisted.internet.selectreactor.SelectReactor.
2024-11-21 00:46:31+0300 [-] Starting BuildMaster -- buildbot.version: 3.10.1
2024-11-21 00:46:31+0300 [-] Configuration Errors:
2024-11-21 00:46:31+0300 [-]   configuration file 'C:\pWork\Py-main\master\master.cfg' does not exist
2024-11-21 00:46:31+0300 [-] Halting master.
2024-11-21 00:46:31+0300 [-] BuildMaster startup failed
2024-11-21 00:46:31+0300 [-] BuildMaster is stopped
2024-11-21 00:46:31+0300 [-] Main loop terminated.
2024-11-21 00:46:31+0300 [-] Server Shut Down.
2024-11-21 00:46:31+0300 [-] Server Shut Down.
